<?xml version="1.0" encoding="UTF-8"?>
<!-- Generated by org.testng.reporters.JUnitReportReporter -->
<testsuite skipped="0" hostname="hp" name="com.test.concepts.Login_Guru" tests="2" failures="0" timestamp="21 Mar 2020 04:39:35 GMT" time="14.104" errors="1">
  <testcase name="login" time="11.741" classname="com.test.concepts.Login_Guru"/>
  <testcase name="login" time="2.363" classname="com.test.concepts.Login_Guru">
    <error type="org.openqa.selenium.SessionNotCreatedException" message="session not created
from no such window: window was already closed
  (Session info: chrome=80.0.3987.149)
Build info: version: &#039;3.141.59&#039;, revision: &#039;e82be7d358&#039;, time: &#039;2018-11-14T08:17:03&#039;
System info: host: &#039;HP&#039;, ip: &#039;192.168.1.26&#039;, os.name: &#039;Windows 8.1&#039;, os.arch: &#039;amd64&#039;, os.version: &#039;6.3&#039;, java.version: &#039;1.8.0_191&#039;
Driver info: driver.version: ChromeDriver
remote stacktrace: Backtrace:
	Ordinal0 [0x00EEA113+1548563]
	Ordinal0 [0x00E6DDA1+1039777]
	Ordinal0 [0x00DEE485+517253]
	Ordinal0 [0x00DE8B74+494452]
	Ordinal0 [0x00DE9855+497749]
	Ordinal0 [0x00DE5885+481413]
	Ordinal0 [0x00DEF0D0+520400]
	Ordinal0 [0x00D9C030+180272]
	Ordinal0 [0x00D9B59D+177565]
	Ordinal0 [0x00D995FB+169467]
	Ordinal0 [0x00D8160A+71178]
	Ordinal0 [0x00D82690+75408]
	Ordinal0 [0x00D82629+75305]
	Ordinal0 [0x00E871B7+1143223]
	GetHandleVerifier [0x00F82B46+507814]
	GetHandleVerifier [0x00F82864+507076]
	GetHandleVerifier [0x00F89F47+537511]
	GetHandleVerifier [0x00F83402+510050]
	Ordinal0 [0x00E7F29C+1110684]
	Ordinal0 [0x00E8938B+1151883]
	Ordinal0 [0x00E894F3+1152243]
	Ordinal0 [0x00E883F5+1147893]
	BaseThreadInitThunk [0x76F2919F+14]
	RtlInitializeExceptionChain [0x771CA8CB+132]
	RtlInitializeExceptionChain [0x771CA8A1+90]
">
      <![CDATA[org.openqa.selenium.SessionNotCreatedException: session not created
from no such window: window was already closed
  (Session info: chrome=80.0.3987.149)
Build info: version: '3.141.59', revision: 'e82be7d358', time: '2018-11-14T08:17:03'
System info: host: 'HP', ip: '192.168.1.26', os.name: 'Windows 8.1', os.arch: 'amd64', os.version: '6.3', java.version: '1.8.0_191'
Driver info: driver.version: ChromeDriver
remote stacktrace: Backtrace:
Ordinal0 [0x00EEA113+1548563]
Ordinal0 [0x00E6DDA1+1039777]
Ordinal0 [0x00DEE485+517253]
Ordinal0 [0x00DE8B74+494452]
Ordinal0 [0x00DE9855+497749]
Ordinal0 [0x00DE5885+481413]
Ordinal0 [0x00DEF0D0+520400]
Ordinal0 [0x00D9C030+180272]
Ordinal0 [0x00D9B59D+177565]
Ordinal0 [0x00D995FB+169467]
Ordinal0 [0x00D8160A+71178]
Ordinal0 [0x00D82690+75408]
Ordinal0 [0x00D82629+75305]
Ordinal0 [0x00E871B7+1143223]
GetHandleVerifier [0x00F82B46+507814]
GetHandleVerifier [0x00F82864+507076]
GetHandleVerifier [0x00F89F47+537511]
GetHandleVerifier [0x00F83402+510050]
Ordinal0 [0x00E7F29C+1110684]
Ordinal0 [0x00E8938B+1151883]
Ordinal0 [0x00E894F3+1152243]
Ordinal0 [0x00E883F5+1147893]
BaseThreadInitThunk [0x76F2919F+14]
RtlInitializeExceptionChain [0x771CA8CB+132]
RtlInitializeExceptionChain [0x771CA8A1+90]

at sun.reflect.NativeConstructorAccessorImpl.newInstance0(Native Method)
at sun.reflect.NativeConstructorAccessorImpl.newInstance(Unknown Source)
at sun.reflect.DelegatingConstructorAccessorImpl.newInstance(Unknown Source)
at java.lang.reflect.Constructor.newInstance(Unknown Source)
at org.openqa.selenium.remote.W3CHandshakeResponse.lambda$errorHandler$0(W3CHandshakeResponse.java:62)
at org.openqa.selenium.remote.HandshakeResponse.lambda$getResponseFunction$0(HandshakeResponse.java:30)
at org.openqa.selenium.remote.ProtocolHandshake.lambda$createSession$0(ProtocolHandshake.java:126)
at java.util.stream.ReferencePipeline$3$1.accept(Unknown Source)
at java.util.Spliterators$ArraySpliterator.tryAdvance(Unknown Source)
at java.util.stream.ReferencePipeline.forEachWithCancel(Unknown Source)
at java.util.stream.AbstractPipeline.copyIntoWithCancel(Unknown Source)
at java.util.stream.AbstractPipeline.copyInto(Unknown Source)
at java.util.stream.AbstractPipeline.wrapAndCopyInto(Unknown Source)
at java.util.stream.FindOps$FindOp.evaluateSequential(Unknown Source)
at java.util.stream.AbstractPipeline.evaluate(Unknown Source)
at java.util.stream.ReferencePipeline.findFirst(Unknown Source)
at org.openqa.selenium.remote.ProtocolHandshake.createSession(ProtocolHandshake.java:128)
at org.openqa.selenium.remote.ProtocolHandshake.createSession(ProtocolHandshake.java:74)
at org.openqa.selenium.remote.HttpCommandExecutor.execute(HttpCommandExecutor.java:136)
at org.openqa.selenium.remote.service.DriverCommandExecutor.execute(DriverCommandExecutor.java:83)
at org.openqa.selenium.remote.RemoteWebDriver.execute(RemoteWebDriver.java:552)
at org.openqa.selenium.remote.RemoteWebDriver.startSession(RemoteWebDriver.java:213)
at org.openqa.selenium.remote.RemoteWebDriver.<init>(RemoteWebDriver.java:131)
at org.openqa.selenium.chrome.ChromeDriver.<init>(ChromeDriver.java:181)
at org.openqa.selenium.chrome.ChromeDriver.<init>(ChromeDriver.java:168)
at org.openqa.selenium.chrome.ChromeDriver.<init>(ChromeDriver.java:123)
at com.test.concepts.Login_Guru.login(Login_Guru.java:18)
at sun.reflect.NativeMethodAccessorImpl.invoke0(Native Method)
at sun.reflect.NativeMethodAccessorImpl.invoke(Unknown Source)
at sun.reflect.DelegatingMethodAccessorImpl.invoke(Unknown Source)
at java.lang.reflect.Method.invoke(Unknown Source)
at org.testng.internal.MethodInvocationHelper.invokeMethod(MethodInvocationHelper.java:124)
at org.testng.internal.Invoker.invokeMethod(Invoker.java:583)
at org.testng.internal.Invoker.invokeTestMethod(Invoker.java:719)
at org.testng.internal.Invoker.invokeTestMethods(Invoker.java:989)
at org.testng.internal.TestMethodWorker.invokeTestMethods(TestMethodWorker.java:125)
at org.testng.internal.TestMethodWorker.run(TestMethodWorker.java:109)
at org.testng.TestRunner.privateRun(TestRunner.java:648)
at org.testng.TestRunner.run(TestRunner.java:505)
at org.testng.SuiteRunner.runTest(SuiteRunner.java:455)
at org.testng.SuiteRunner.runSequentially(SuiteRunner.java:450)
at org.testng.SuiteRunner.privateRun(SuiteRunner.java:415)
at org.testng.SuiteRunner.run(SuiteRunner.java:364)
at org.testng.SuiteRunnerWorker.runSuite(SuiteRunnerWorker.java:52)
at org.testng.SuiteRunnerWorker.run(SuiteRunnerWorker.java:84)
at org.testng.TestNG.runSuitesSequentially(TestNG.java:1208)
at org.testng.TestNG.runSuitesLocally(TestNG.java:1137)
at org.testng.TestNG.runSuites(TestNG.java:1049)
at org.testng.TestNG.run(TestNG.java:1017)
at org.testng.remote.AbstractRemoteTestNG.run(AbstractRemoteTestNG.java:114)
at org.testng.remote.RemoteTestNG.initAndRun(RemoteTestNG.java:251)
at org.testng.remote.RemoteTestNG.main(RemoteTestNG.java:77)
]]>
    </error>
  </testcase> <!-- login -->
</testsuite> <!-- com.test.concepts.Login_Guru -->
